<?xml version="1.0" encoding="UTF-8"?>
<!-- Generated by org.testng.reporters.JUnitReportReporter -->
<testsuite hostname="seleniuminstance1-0" failures="0" tests="3" name="runner.Testcase" time="32.570" errors="0" timestamp="2023-08-30T07:49:49 UTC" skipped="0">
  <testcase classname="runner.Testcase" name="loginTest" time="6.720"/>
  <testcase classname="runner.Testcase" name="loginTest" time="7.265"/>
  <testcase classname="runner.Testcase" name="SearchTest" time="18.585"/>
</testsuite> <!-- runner.Testcase -->
